fastrescue_android/build/outputs/mapping/release/seeds.txt
com.autosos.yd.R$anim
com.autosos.yd.R$anim: int abc_fade_in
com.autosos.yd.R$anim: int abc_fade_out
com.autosos.yd.R$anim: int abc_grow_fade_in_from_bottom
com.autosos.yd.R$anim: int abc_shrink_fade_out_from_bottom
com.autosos.yd.R$anim: int abc_slide_in_bottom
com.autosos.yd.R$anim: int abc_slide_in_top
com.autosos.yd.R$anim: int abc_slide_out_bottom
com.autosos.yd.R$anim: int abc_slide_out_top
com.autosos.yd.R$anim: int activity_anim_default
com.autosos.yd.R$anim: int alpha_change
com.autosos.yd.R$anim: int arrow_down
com.autosos.yd.R$anim: int arrow_up
com.autosos.yd.R$anim: int dialog_enter
com.autosos.yd.R$anim: int dialog_enter_l_b
com.autosos.yd.R$anim: int dialog_enter_right
com.autosos.yd.R$anim: int dialog_exit
com.autosos.yd.R$anim: int dialog_exit_l_b
com.autosos.yd.R$anim: int dialog_exit_right
com.autosos.yd.R$anim: int fade_in
com.autosos.yd.R$anim: int fade_out
com.autosos.yd.R$anim: int popwindow_enter
com.autosos.yd.R$anim: int popwindow_exit
com.autosos.yd.R$anim: int popwindow_slide_in
com.autosos.yd.R$anim: int popwindow_slide_out
com.autosos.yd.R$anim: int run_car
com.autosos.yd.R$anim: int slide_frament_in
com.autosos.yd.R$anim: int slide_frament_out
com.autosos.yd.R$anim: int slide_in_from_bottom
com.autosos.yd.R$anim: int slide_in_from_top
com.autosos.yd.R$anim: int slide_in_right
com.autosos.yd.R$anim: int slide_in_up
com.autosos.yd.R$anim: int slide_out_down
com.autosos.yd.R$anim: int slide_out_right
com.autosos.yd.R$anim: int slide_out_to_bottom
com.autosos.yd.R$attr
com.autosos.yd.R$attr: int actionBarDivider
com.autosos.yd.R$attr: int actionBarItemBackground
com.autosos.yd.R$attr: int actionBarPopupTheme
com.autosos.yd.R$attr: int actionBarSize
com.autosos.yd.R$attr: int actionBarSplitStyle
com.autosos.yd.R$attr: int actionBarStyle
com.autosos.yd.R$attr: int actionBarTabBarStyle
com.autosos.yd.R$attr: int actionBarTabStyle
com.autosos.yd.R$attr: int actionBarTabTextStyle
com.autosos.yd.R$attr: int actionBarTheme
com.autosos.yd.R$attr: int actionBarWidgetTheme
com.autosos.yd.R$attr: int actionButtonStyle
com.autosos.yd.R$attr: int actionDropDownStyle
com.autosos.yd.R$attr: int actionLayout
com.autosos.yd.R$attr: int actionMenuTextAppearance
com.autosos.yd.R$attr: int actionMenuTextColor
com.autosos.yd.R$attr: int actionModeBackground
com.autosos.yd.R$attr: int actionModeCloseButtonStyle
com.autosos.yd.R$attr: int actionModeCloseDrawable
com.autosos.yd.R$attr: int actionModeCopyDrawable
com.autosos.yd.R$attr: int actionModeCutDrawable
com.autosos.yd.R$attr: int actionModeFindDrawable
com.autosos.yd.R$attr: int actionModePasteDrawable
com.autosos.yd.R$attr: int actionModePopupWindowStyle
com.autosos.yd.R$attr: int actionModeSelectAllDrawable
com.autosos.yd.R$attr: int actionModeShareDrawable
com.autosos.yd.R$attr: int actionModeSplitBackground
com.autosos.yd.R$attr: int actionModeStyle
com.autosos.yd.R$attr: int actionModeWebSearchDrawable
com.autosos.yd.R$attr: int actionOverflowButtonStyle
com.autosos.yd.R$bool
com.autosos.yd.R$bool: int abc_action_bar_embed_tabs
com.autosos.yd.R$bool: int abc_action_bar_embed_tabs_pre_jb
com.autosos.yd.R$bool: int abc_action_bar_expanded_action_views_exclusive
com.autosos.yd.R$bool: int abc_config_actionMenuItemAllCaps
com.autosos.yd.R$bool: int abc_config_allowActionMenuItemTextWithIcon
com.autosos.yd.R$bool: int abc_config_showMenuShortcutsWhenKeyboardPresent
com.autosos.yd.R$bool: R$bool()
...
android.support.v4.widget.MaterialProgressDrawable$EndCurveInterpolator
android.support.v4.widget.MaterialProgressDrawable$EndCurveInterpolator: MaterialProgressDrawable$EndCurveInterpolator()
android.support.v4.widget.MaterialProgressDrawable$EndCurveInterpolator: float getInterpolation(float)
android.support.v4.widget.MaterialProgressDrawable$EndCurveInterpolator: MaterialProgressDrawable$EndCurveInterpolator(android.support.v4.widget.MaterialProgressDrawable$1)
android.support.v4.widget.MaterialProgressDrawable$ProgressDrawableSize
android.support.v4.widget.MaterialProgressDrawable$Ring
android.support.v4.widget.MaterialProgressDrawable$Ring: android.graphics.RectF mTempBounds
android.support.v4.widget.MaterialProgressDrawable$Ring: android.graphics.Paint mPaint
android.support.v4.widget.MaterialProgressDrawable$Ring: android.graphics.Paint mArrowPaint
android.support.v4.widget.MaterialProgressDrawable$Ring: android.graphics.drawable.Drawable$Callback mCallback
android.support.v4.widget.MaterialProgressDrawable$Ring: float mStartTrim
android.support.v4.widget.MaterialProgressDrawable$Ring: float mEndTrim
android.support.v4.widget.MaterialProgressDrawable$Ring: float mRotation
android.support.v4.widget.MaterialProgressDrawable$Ring: float mStrokeWidth
android.support.v4.widget.MaterialProgressDrawable$Ring: float mStrokeInset
android.support.v4.widget.MaterialProgressDrawable$Ring: int[] mColors
android.support.v4.widget.MaterialProgressDrawable$Ring: int mColorIndex
android.support.v4.widget.MaterialProgressDrawable$Ring: float mStartingStartTrim
android.support.v4.widget.MaterialProgressDrawable$Ring: float mStartingEndTrim
android.support.v4.widget.MaterialProgressDrawable$Ring: float mStartingRotation
android.support.v4.widget.MaterialProgressDrawable$Ring: boolean mShowArrow
android.support.v4.widget.MaterialProgressDrawable$Ring: android.graphics.Path mArrow
android.support.v4.widget.MaterialProgressDrawable$Ring: float mArrowScale
android.support.v4.widget.MaterialProgressDrawable$StartCurveInterpolator
android.support.v4.widget.MaterialProgressDrawable$StartCurveInterpolator: MaterialProgressDrawable$StartCurveInterpolator()
android.support.v4.widget.MaterialProgressDrawable$StartCurveInterpolator: float getInterpolation(float)
android.support.v4.widget.MaterialProgressDrawable$StartCurveInterpolator: MaterialProgressDrawable$StartCurveInterpolator(android.support.v4.widget.MaterialProgressDrawable$1)
android.support.v4.widget.PopupMenuCompat
android.support.v4.widget.PopupMenuCompat: android.support.v4.widget.PopupMenuCompat$PopupMenuImpl IMPL
android.support.v4.widget.PopupMenuCompat: PopupMenuCompat()
android.support.v4.widget.PopupMenuCompat: android.view.View$OnTouchListener getDragToOpenListener(java.lang.Object)
android.support.v4.widget.PopupMenuCompat: void <clinit>()
android.support.v4.widget.PopupMenuCompat$BasePopupMenuImpl
android.support.v4.widget.PopupMenuCompat$BasePopupMenuImpl: PopupMenuCompat$BasePopupMenuImpl()
android.support.v4.widget.PopupMenuCompat$BasePopupMenuImpl: android.view.View$OnTouchListener getDragToOpenListener(java.lang.Object)
android.support.v4.widget.PopupMenuCompat$KitKatPopupMenuImpl
android.support.v4.widget.PopupMenuCompat$KitKatPopupMenuImpl: PopupMenuCompat$KitKatPopupMenuImpl()
android.support.v4.widget.PopupMenuCompat$KitKatPopupMenuImpl: android.view.View$OnTouchListener getDragToOpenListener(java.lang.Object)
android.support.v4.widget.PopupMenuCompat$PopupMenuImpl
android.support.v4.widget.PopupMenuCompat$PopupMenuImpl: android.view.View$OnTouchListener getDragToOpenListener(java.lang.Object)
android.support.v4.widget.PopupMenuCompatKitKat
android.support.v4.widget.PopupMenuCompatKitKat: PopupMenuCompatKitKat()
android.support.v4.widget.PopupMenuCompatKitKat: android.view.View$OnTouchListener getDragToOpenListener(java.lang.Object)