fastrescue_android/build/outputs/mapping/release/mapping.txt
com.autosos.yd.Constants -> com.autosos.yd.a:
    java.lang.String HOST -> a
    java.util.concurrent.Executor LISTTHEADPOOL -> b
    java.util.concurrent.Executor THEADPOOL -> c
    java.util.concurrent.Executor INFOTHEADPOOL -> d
    java.lang.String ACCESS_TOKEN_URL -> e
    java.lang.String PERSON_URL -> f
    java.lang.String ORDERS_URL -> g
    java.lang.String ACCEPT_ORDER_URL -> h
    java.lang.String USER_LOCATION_URL -> i
    java.lang.String USER_START_WORK_URL -> j
    java.lang.String USER_STOP_WORK_URL -> k
    java.lang.String USER_LOGOUT_URL -> l
    java.lang.String UPLOAD_PICS_URL -> m
    java.lang.String HISTORY_ORDERS_URL -> n
    java.lang.String HISTORY_ORDER_INFO_URL -> o
    java.lang.String PHOTOS_URL -> p
    java.lang.String SUBMIT_FEE_URL -> q
    java.lang.String PAY_URL -> r
    java.lang.String ARRIVE_SUBMIT_URL -> s
    java.lang.String ORDER_ORDER_START_URL -> t
    java.lang.String QINIU_TOKEN_URL -> u
    java.lang.String NOTICE_URL -> v
    java.lang.String NOTICE_CONTENT_URL -> w
    java.lang.String NOTICE_I_GOT -> x
    java.lang.String NOTICE_LAST_NOTICE -> y
    java.lang.String HISTORY_ORDERS_PUSH -> z
    java.lang.String DRAG_START -> A
    java.lang.String ORDERS_DIAL -> B
    java.lang.String BUG_REPORT -> C
    java.lang.String CHANGE_PASSWORD -> D
com.autosos.yd.R -> com.autosos.yd.R:
com.autosos.yd.R$anim -> com.autosos.yd.R$anim:
    int abc_fade_in -> abc_fade_in
    int abc_fade_out -> abc_fade_out
    int abc_grow_fade_in_from_bottom -> abc_grow_fade_in_from_bottom
    int abc_shrink_fade_out_from_bottom -> abc_shrink_fade_out_from_bottom
    int abc_slide_in_bottom -> abc_slide_in_bottom
    int abc_slide_in_top -> abc_slide_in_top
    int abc_slide_out_bottom -> abc_slide_out_bottom
    int abc_slide_out_top -> abc_slide_out_top
    int activity_anim_default -> activity_anim_default
    int alpha_change -> alpha_change
    int arrow_down -> arrow_down
    int arrow_up -> arrow_up
    int dialog_enter -> dialog_enter
    int dialog_enter_l_b -> dialog_enter_l_b
    int dialog_enter_right -> dialog_enter_right
    int dialog_exit -> dialog_exit
    int dialog_exit_l_b -> dialog_exit_l_b
    int dialog_exit_right -> dialog_exit_right
    int fade_in -> fade_in
    int fade_out -> fade_out
    int popwindow_enter -> popwindow_enter
    int popwindow_exit -> popwindow_exit
    int popwindow_slide_in -> popwindow_slide_in
    int popwindow_slide_out -> popwindow_slide_out
    int run_car -> run_car
    int slide_frament_in -> slide_frament_in
    int slide_frament_out -> slide_frament_out
    int slide_in_from_bottom -> slide_in_from_bottom
    int slide_in_from_top -> slide_in_from_top
    int slide_in_right -> slide_in_right
    int slide_in_up -> slide_in_up
    int slide_out_down -> slide_out_down
    int slide_out_right -> slide_out_right
...
com.baidu.mapapi.search.route.WalkingRoutePlanOption -> com.baidu.mapapi.search.route.WalkingRoutePlanOption:
    com.baidu.mapapi.search.route.PlanNode a -> a
    com.baidu.mapapi.search.route.PlanNode b -> b
    com.baidu.mapapi.search.route.WalkingRoutePlanOption from(com.baidu.mapapi.search.route.PlanNode) -> from
    com.baidu.mapapi.search.route.WalkingRoutePlanOption to(com.baidu.mapapi.search.route.PlanNode) -> to
com.baidu.mapapi.search.route.WalkingRouteResult -> com.baidu.mapapi.search.route.WalkingRouteResult:
    java.util.List a -> a
    com.baidu.mapapi.search.core.TaxiInfo b -> b
    com.baidu.mapapi.search.route.SuggestAddrInfo c -> c
    java.util.List getRouteLines() -> getRouteLines
    void a(java.util.List) -> a
    com.baidu.mapapi.search.core.TaxiInfo getTaxiInfo() -> getTaxiInfo
    void a(com.baidu.mapapi.search.core.TaxiInfo) -> a
    com.baidu.mapapi.search.route.SuggestAddrInfo getSuggestAddrInfo() -> getSuggestAddrInfo
    void a(com.baidu.mapapi.search.route.SuggestAddrInfo) -> a
com.baidu.mapapi.search.route.a -> com.baidu.mapapi.search.route.a:
    com.baidu.mapapi.search.route.TransitRouteResult a(java.lang.String) -> a
    com.baidu.mapapi.search.route.DrivingRouteResult b(java.lang.String) -> b
    com.baidu.mapapi.search.route.WalkingRouteResult c(java.lang.String) -> c
    com.baidu.mapapi.search.core.TaxiInfo d(java.lang.String) -> d
    com.baidu.mapapi.search.core.VehicleInfo e(java.lang.String) -> e
    com.baidu.mapapi.search.core.RouteNode b(org.json.JSONObject,java.lang.String) -> b
    java.util.List c(org.json.JSONObject,java.lang.String) -> c
    com.baidu.mapapi.search.route.SuggestAddrInfo f(java.lang.String) -> f
    java.util.List a(org.json.JSONObject,java.lang.String) -> a
    java.util.List a(org.json.JSONObject,java.lang.String,java.lang.String) -> a
    java.lang.String g(java.lang.String) -> g
com.baidu.mapapi.search.share.LocationShareURLOption -> com.baidu.mapapi.search.share.LocationShareURLOption:
    com.baidu.mapapi.model.LatLng a -> a
    java.lang.String b -> b
    java.lang.String c -> c
    com.baidu.mapapi.search.share.LocationShareURLOption location(com.baidu.mapapi.model.LatLng) -> location
    com.baidu.mapapi.search.share.LocationShareURLOption name(java.lang.String) -> name
    com.baidu.mapapi.search.share.LocationShareURLOption snippet(java.lang.String) -> snippet
com.baidu.mapapi.search.share.OnGetShareUrlResultListener -> com.baidu.mapapi.search.share.OnGetShareUrlResultListener:
    void onGetPoiDetailShareUrlResult(com.baidu.mapapi.search.share.ShareUrlResult) -> onGetPoiDetailShareUrlResult
    void onGetLocationShareUrlResult(com.baidu.mapapi.search.share.ShareUrlResult) -> onGetLocationShareUrlResult
com.baidu.mapapi.search.share.PoiDetailShareURLOption -> com.baidu.mapapi.search.share.PoiDetailShareURLOption:
    java.lang.String a -> a
    com.baidu.mapapi.search.share.PoiDetailShareURLOption poiUid(java.lang.String) -> poiUid
com.baidu.mapapi.search.share.ShareUrlResult -> com.baidu.mapapi.search.share.ShareUrlResult:
    java.lang.String a -> a
    int b -> b
    java.lang.String getUrl() -> getUrl
    void a(java.lang.String) -> a
    void a(int) -> a