fastrescue_android/build/outputs/mapping/release/usage.txt
com.autosos.yd.BuildConfig
com.autosos.yd.Constants:
    public static final boolean DEBUG
    public static final java.lang.String APP_VERSION
    public static final int VERSION_CODE
    public static final java.lang.String ACTIONNAME_STRING
    public static final java.lang.String DATE_FORMAT_LONG
    public static final java.lang.String PREF_FILE
    public static final int DEFAULT_IMAGE_SIZE
    public static final int PLACEHOLDER
    public static final int PLACEHOLDER_NORMAL
    public static final int PLACEHOLDER_AVATAR
    public static final java.lang.String USER_FILE
    public static final java.lang.String LOCATION_DARG
    public static final java.lang.String LOCATION_ARRIVE
    public static final java.lang.String LOCATION_FILE
    public static final java.lang.String PHOTO_URL
    public static final java.lang.String PHOTO_URL2
    6:65:public Constants()
    72:99:public static void setHOST(java.lang.String)
com.autosos.yd.Constants$RequestCode
com.autosos.yd.Manifest
com.autosos.yd.Manifest$permission
com.autosos.yd.R:
    10:3058:public R()
com.autosos.yd.adapter.ContactsAdapter
com.autosos.yd.adapter.ContactsAdapter$1
com.autosos.yd.adapter.ContactsAdapter$ViewHolder
com.autosos.yd.adapter.ObjectBindAdapter:
    43:44:public ObjectBindAdapter(android.content.Context,java.util.List,int)
    108:108:public com.autosos.yd.adapter.ObjectBindAdapter$ViewBinder getViewBinder()
    115:116:public void setViewBinder(com.autosos.yd.adapter.ObjectBindAdapter$ViewBinder)
com.autosos.yd.fragment.MoreFragment:
    private static final java.lang.String TAG
    private int now_verCode
com.autosos.yd.fragment.PersonFragment:
    private static final java.lang.String TAG
com.autosos.yd.fragment.RecordsFragment:
    private static final java.lang.String TAG
    private android.view.View record_image
    305:328:private void changeColor(int,int)
com.autosos.yd.fragment.WorkFragment:
    private static final java.lang.String TAG
    public static java.lang.String url
    private static final int MSG_START_SOUND_EFFECT
    private static final int MSG_STOP_SOUND_EFFECT
    614:615:public void intent2Orders()
com.autosos.yd.game.RouteUtil:
    14:14:public RouteUtil()
com.autosos.yd.game.Step:
    23:24:public void setY(int)
    31:32:public void setX(int)
    35:35:public int getD()
    39:40:public void setD(int)
com.autosos.yd.game.square:
    public static final int STATUS_ON
    public static final int STATUS_OFF
    public static final int STATUS_IN
    public static final int STATUS_Boot
    public static final int NPC_HS
    public static final int NPC_TALK1
    public static final int NPC_TALK2
    34:35:public void setY(int)
    46:49:public void setXY(int,int,int)
    52:53:public void setX(int)
com.autosos.yd.task.HttpDeleteTask
com.autosos.yd.task.HttpGetTask
com.autosos.yd.task.HttpPatch
com.autosos.yd.task.HttpPatchTask
com.autosos.yd.task.HttpPatchTask$1
com.autosos.yd.task.HttpPostTask
com.autosos.yd.task.HttpPostTask$1
com.autosos.yd.task.HttpPutTask
com.autosos.yd.task.HttpPutTask$1
com.autosos.yd.task.ImageLoadTask:
    67:69:public ImageLoadTask(android.widget.ImageView,com.autosos.yd.task.OnHttpRequestListener,boolean)
    78:80:public ImageLoadTask(android.widget.ImageView,boolean)
    83:85:public ImageLoadTask(android.widget.ImageView,int,boolean)
    148:160:public static android.graphics.Bitmap toGrayscale(android.graphics.Bitmap)
    483:502:public void loadThumbforPath(java.lang.String)
com.autosos.yd.task.NewHttpPostTask:
    35:39:public NewHttpPostTask(android.content.Context,com.autosos.yd.task.OnHttpRequestListener,com.autosos.yd.widget.RoundProgressDialog)
    43:48:public NewHttpPostTask(android.content.Context,com.autosos.yd.task.OnHttpRequestListener,com.autosos.yd.widget.RoundProgressDialog,boolean)
...
com.alimama.mobile.csdk.umupdate.b.d$a:
    private static final int l
    151:152:public com.alimama.mobile.csdk.umupdate.b.d$a a(java.lang.String)
    156:157:public com.alimama.mobile.csdk.umupdate.b.d$a b(java.lang.String)
    177:178:public com.alimama.mobile.csdk.umupdate.b.d$a d(int)
    182:183:public com.alimama.mobile.csdk.umupdate.b.d$a e(int)
    235:270:private boolean a(java.util.Map)
com.alimama.mobile.csdk.umupdate.models.MMEntity:
    226:229:public void extendFields(com.alimama.mobile.csdk.umupdate.models.MMEntity)
com.alimama.mobile.csdk.umupdate.models.Promoter:
    public static final int LANDING_TYPE_BROWSER
    public static final int LANDING_TYPE_DIRECT_DOWNLOAD
    public static final int LANDING_TYPE_POPUP
    public static final int LANDING_TYPE_WAP_WEBVIEW
    public static final int LANDING_TYPE_WEBVIEW
    public static final int LANDING_TYPE_ALIP4P
    public static final int LANDING_TYPE_UMENGAPP
    public static final int REPORT_CLICK_TO_LAUNCH_DETAIL_PAGE
    public static final int REPORT_CLICK_TO_LAUNCH
    public static final int REPORT_CLICK_TO_PROMOTE
    public static final int REPORT_DOWNLOAD
    public static final int REPORT_DOWNLOAD_FAILED
    public static final int REPORT_DOWNLOAD_CLICK
    public static final int REPORT_DOWNLOAD_CLICK_DIRECT
    public static final int REPORT_IMPRESSION
    public static final int REPORT_ENTRANCE_CLICK
    public static final int REPORT_ENTRANCE_IMPRESSION
    public static final int REPORT_FILTERED
    public static final int REPORT_FEED_UNIMPRESSION
    public static final int REPORT_FEED_NOMATCH
    504:556:public org.json.JSONObject toJson()
    560:560:public static com.alimama.mobile.csdk.umupdate.models.Promoter buildMockPromoter()
    565:574:public static java.lang.Class getAdapterPromoterClz(com.alimama.mobile.csdk.umupdate.models.f,com.alimama.mobile.csdk.umupdate.models.e)
    579:586:private static java.lang.Class a(java.lang.String)
com.alimama.mobile.csdk.umupdate.models.Promoter$a
com.alimama.mobile.csdk.umupdate.models.Promoter$b
com.alimama.mobile.csdk.umupdate.models.Promoter$b$1
com.alimama.mobile.csdk.umupdate.models.Promoter$b$2
com.alimama.mobile.csdk.umupdate.models.c:
    public static final int a
    public static final int b
    private static final java.lang.String j
com.etsy.android.grid.ExtendableListView:
    private static final java.lang.String TAG
    private static final boolean DBG
    private static final int TOUCH_MODE_IDLE
    private static final int TOUCH_MODE_SCROLLING
    private static final int TOUCH_MODE_FLINGING
    private static final int TOUCH_MODE_DOWN
    private static final int TOUCH_MODE_TAP
    private static final int TOUCH_MODE_DONE_WAITING
    private static final int INVALID_POINTER
    private static final int LAYOUT_NORMAL
    private static final int LAYOUT_FORCE_TOP
    private static final int LAYOUT_SYNC
    344:360:public void addHeaderView(android.view.View,java.lang.Object,boolean)
    374:375:public void addHeaderView(android.view.View)
    397:409:public boolean removeHeaderView(android.view.View)
    413:421:private void removeFixedViewInfo(android.view.View,java.util.ArrayList)
    443:454:public void addFooterView(android.view.View,java.lang.Object,boolean)
    468:469:public void addFooterView(android.view.View)
    487:499:public boolean removeFooterView(android.view.View)
    1599:1599:protected com.etsy.android.grid.ExtendableListView$LayoutParams generateHeaderFooterLayoutParams(android.view.View)
    3335:3365:void smoothScrollByOffset(int)
com.etsy.android.grid.ExtendableListView$AdapterDataSetObserver:
    2429:2430:public void clearSavedState()
com.etsy.android.grid.ExtendableListView$FixedViewInfo:
    final synthetic com.etsy.android.grid.ExtendableListView this$0
    2253:2253:public ExtendableListView$FixedViewInfo(com.etsy.android.grid.ExtendableListView)
com.etsy.android.grid.ExtendableListView$FlingRunnable:
    2300:2305:void startScroll(int,int)